<?xml version="1.0" encoding="UTF-8"?>
<testng-results skipped="0" failed="0" ignored="0" total="9" passed="9">
  <reporter-output>
  </reporter-output>
  <suite name="Default Suite" duration-ms="3849" started-at="2017-04-24T18:54:22Z" finished-at="2017-04-24T18:54:26Z">
    <groups>
    </groups>
    <test name="OpenWeatherMapAPI" duration-ms="3849" started-at="2017-04-24T18:54:22Z" finished-at="2017-04-24T18:54:26Z">
      <class name="CurrentWeatherAPI">
        <test-method status="PASS" signature="testGetByCitiesInCycle_MaxCnt()[pri:0, instance:CurrentWeatherAPI@7a92922]" name="testGetByCitiesInCycle_MaxCnt" duration-ms="2676" started-at="2017-04-24T21:54:22Z" finished-at="2017-04-24T21:54:25Z">
          <reporter-output>
          </reporter-output>
        </test-method> <!-- testGetByCitiesInCycle_MaxCnt -->
        <test-method status="PASS" signature="testGetByCitiesInCycle_NearestCities()[pri:0, instance:CurrentWeatherAPI@7a92922]" name="testGetByCitiesInCycle_NearestCities" duration-ms="143" started-at="2017-04-24T21:54:25Z" finished-at="2017-04-24T21:54:25Z">
          <reporter-output>
          </reporter-output>
        </test-method> <!-- testGetByCitiesInCycle_NearestCities -->
        <test-method status="PASS" signature="testGetByCitiesInCycle_ResponseLength()[pri:0, instance:CurrentWeatherAPI@7a92922]" name="testGetByCitiesInCycle_ResponseLength" duration-ms="123" started-at="2017-04-24T21:54:25Z" finished-at="2017-04-24T21:54:25Z">
          <reporter-output>
          </reporter-output>
        </test-method> <!-- testGetByCitiesInCycle_ResponseLength -->
        <test-method status="PASS" signature="testGetByCityID_Invalid()[pri:0, instance:CurrentWeatherAPI@7a92922]" name="testGetByCityID_Invalid" duration-ms="192" started-at="2017-04-24T21:54:25Z" finished-at="2017-04-24T21:54:26Z">
          <reporter-output>
          </reporter-output>
        </test-method> <!-- testGetByCityID_Invalid -->
        <test-method status="PASS" signature="testGetByCityID_ResponseStructure()[pri:0, instance:CurrentWeatherAPI@7a92922]" name="testGetByCityID_ResponseStructure" duration-ms="129" started-at="2017-04-24T21:54:26Z" finished-at="2017-04-24T21:54:26Z">
          <reporter-output>
          </reporter-output>
        </test-method> <!-- testGetByCityID_ResponseStructure -->
        <test-method status="PASS" signature="testGetByCityID_Valid()[pri:0, instance:CurrentWeatherAPI@7a92922]" name="testGetByCityID_Valid" duration-ms="161" started-at="2017-04-24T21:54:26Z" finished-at="2017-04-24T21:54:26Z">
          <reporter-output>
          </reporter-output>
        </test-method> <!-- testGetByCityID_Valid -->
        <test-method status="PASS" signature="testGetByZipCode_GeoCoordinates()[pri:0, instance:CurrentWeatherAPI@7a92922]" name="testGetByZipCode_GeoCoordinates" duration-ms="113" started-at="2017-04-24T21:54:26Z" finished-at="2017-04-24T21:54:26Z">
          <reporter-output>
          </reporter-output>
        </test-method> <!-- testGetByZipCode_GeoCoordinates -->
        <test-method status="PASS" signature="testGetByZipCode_ResponseTime()[pri:0, instance:CurrentWeatherAPI@7a92922]" name="testGetByZipCode_ResponseTime" duration-ms="130" started-at="2017-04-24T21:54:26Z" finished-at="2017-04-24T21:54:26Z">
          <reporter-output>
          </reporter-output>
        </test-method> <!-- testGetByZipCode_ResponseTime -->
        <test-method status="PASS" signature="testGetByZipCode_Valid()[pri:0, instance:CurrentWeatherAPI@7a92922]" name="testGetByZipCode_Valid" duration-ms="147" started-at="2017-04-24T21:54:26Z" finished-at="2017-04-24T21:54:26Z">
          <reporter-output>
          </reporter-output>
        </test-method> <!-- testGetByZipCode_Valid -->
      </class> <!-- CurrentWeatherAPI -->
    </test> <!-- OpenWeatherMapAPI -->
  </suite> <!-- Default Suite -->
</testng-results>
